Started GET "/" for 127.0.0.1 at 2019-01-28 14:37:59 -0800

PG::ConnectionBad - FATAL:  database "first_routes_and_controllers_development" does not exist
:

Started POST "/__better_errors/ba984d1a1f1212a4/variables" for 127.0.0.1 at 2019-01-28 14:37:59 -0800
  [1m[35m (573.4ms)[0m  [1m[35mCREATE DATABASE "first_routes_and_controllers_development" ENCODING = 'unicode'[0m
  ↳ bin/rails:9
  [1m[35m (336.4ms)[0m  [1m[35mCREATE DATABASE "first_routes_and_controllers_test" ENCODING = 'unicode'[0m
  ↳ bin/rails:9
Started GET "/" for 127.0.0.1 at 2019-01-28 14:39:51 -0800
Processing by Rails::WelcomeController#index as HTML
  Rendering /usr/local/var/rbenv/versions/2.5.0/lib/ruby/gems/2.5.0/gems/railties-5.2.2/lib/rails/templates/rails/welcome/index.html.erb
  Rendered /usr/local/var/rbenv/versions/2.5.0/lib/ruby/gems/2.5.0/gems/railties-5.2.2/lib/rails/templates/rails/welcome/index.html.erb (6.1ms)
Completed 200 OK in 75ms (Views: 39.3ms | ActiveRecord: 0.0ms)


Started GET "/users" for 127.0.0.1 at 2019-01-28 14:51:13 -0800

AbstractController::ActionNotFound - The action 'index' could not be found for UsersController:

Started GET "/users" for 127.0.0.1 at 2019-01-28 14:54:03 -0800
Processing by UsersController#index as */*
No template found for UsersController#index, rendering head :no_content
Completed 204 No Content in 126ms (ActiveRecord: 0.0ms)


Started GET "/users" for 127.0.0.1 at 2019-01-28 14:54:25 -0800
Processing by UsersController#index as HTML
Completed 406 Not Acceptable in 88ms (ActiveRecord: 0.0ms)



ActionController::UnknownFormat - UsersController#index is missing a template for this request format and variant.

request.formats: ["text/html"]
request.variant: []

NOTE! For XHR/Ajax or API requests, this action would normally respond with 204 No Content: an empty white screen. Since you're loading it in a web browser, we assume that you expected to actually render a template, not nothing, so we're showing an error to be extra-clear. If you expect 204 No Content, carry on. That's what you'll get from an XHR or API request. Give it a shot.:

Started POST "/__better_errors/54d9b118d4c4fc24/variables" for 127.0.0.1 at 2019-01-28 14:54:25 -0800
Started GET "/users" for 127.0.0.1 at 2019-01-28 14:55:04 -0800
Processing by UsersController#index as */*
No template found for UsersController#index, rendering head :no_content
Completed 204 No Content in 103ms (ActiveRecord: 0.0ms)


Started GET "/users" for 127.0.0.1 at 2019-01-28 14:55:24 -0800
Processing by UsersController#index as HTML
Completed 406 Not Acceptable in 75ms (ActiveRecord: 0.0ms)



ActionController::UnknownFormat - UsersController#index is missing a template for this request format and variant.

request.formats: ["text/html"]
request.variant: []

NOTE! For XHR/Ajax or API requests, this action would normally respond with 204 No Content: an empty white screen. Since you're loading it in a web browser, we assume that you expected to actually render a template, not nothing, so we're showing an error to be extra-clear. If you expect 204 No Content, carry on. That's what you'll get from an XHR or API request. Give it a shot.:

Started POST "/__better_errors/5de8e4548fbb796e/variables" for 127.0.0.1 at 2019-01-28 14:55:24 -0800
Started GET "/users" for 127.0.0.1 at 2019-01-28 14:56:21 -0800
Processing by UsersController#index as */*
  Rendering text template
  Rendered text template (0.0ms)
Completed 200 OK in 23ms (Views: 22.9ms | ActiveRecord: 0.0ms)


Started GET "//users?fav_food=pizza" for 127.0.0.1 at 2019-01-28 14:58:10 -0800
Processing by UsersController#index as */*
  Parameters: {"fav_food"=>"pizza"}
  Rendering text template
  Rendered text template (0.0ms)
Completed 200 OK in 1ms (Views: 0.6ms | ActiveRecord: 0.0ms)


Started GET "/users?fav_food=pizza&admin=true" for 127.0.0.1 at 2019-01-28 14:58:48 -0800
Processing by UsersController#index as */*
  Parameters: {"fav_food"=>"pizza", "admin"=>"true"}
  Rendering text template
  Rendered text template (0.0ms)
Completed 200 OK in 2ms (Views: 0.6ms | ActiveRecord: 0.0ms)


Started POST "/users" for 127.0.0.1 at 2019-01-28 15:00:05 -0800

AbstractController::ActionNotFound - The action 'create' could not be found for UsersController:

Started POST "/users" for 127.0.0.1 at 2019-01-28 15:01:12 -0800
Processing by UsersController#create as */*
  Parameters: {"admin"=>"2", "pizza"=>"good"}
Completed 200 OK in 1ms (Views: 0.3ms | ActiveRecord: 0.0ms)


Started GET "/users/2" for 127.0.0.1 at 2019-01-28 15:02:35 -0800

AbstractController::ActionNotFound - The action 'show' could not be found for UsersController:

Started GET "/users/2" for 127.0.0.1 at 2019-01-28 15:03:06 -0800
Processing by UsersController#show as */*
  Parameters: {"admin"=>"2", "pizza"=>"good", "id"=>"2"}
Completed 200 OK in 1ms (Views: 0.2ms | ActiveRecord: 0.0ms)


Started POST "/users/2" for 127.0.0.1 at 2019-01-28 15:04:34 -0800
  
ActionController::RoutingError (No route matches [POST] "/users/2"):
  
actionpack (5.2.2) lib/action_dispatch/middleware/debug_exceptions.rb:65:in `call'
web-console (3.7.0) lib/web_console/middleware.rb:135:in `call_app'
web-console (3.7.0) lib/web_console/middleware.rb:30:in `block in call'
web-console (3.7.0) lib/web_console/middleware.rb:20:in `catch'
web-console (3.7.0) lib/web_console/middleware.rb:20:in `call'
actionpack (5.2.2) lib/action_dispatch/middleware/show_exceptions.rb:33:in `call'
railties (5.2.2) lib/rails/rack/logger.rb:38:in `call_app'
railties (5.2.2) lib/rails/rack/logger.rb:26:in `block in call'
activesupport (5.2.2) lib/active_support/tagged_logging.rb:71:in `block in tagged'
activesupport (5.2.2) lib/active_support/tagged_logging.rb:28:in `tagged'
activesupport (5.2.2) lib/active_support/tagged_logging.rb:71:in `tagged'
railties (5.2.2) lib/rails/rack/logger.rb:26:in `call'
sprockets-rails (3.2.1) lib/sprockets/rails/quiet_assets.rb:13:in `call'
actionpack (5.2.2) lib/action_dispatch/middleware/remote_ip.rb:81:in `call'
actionpack (5.2.2) lib/action_dispatch/middleware/request_id.rb:27:in `call'
rack (2.0.6) lib/rack/method_override.rb:22:in `call'
rack (2.0.6) lib/rack/runtime.rb:22:in `call'
activesupport (5.2.2) lib/active_support/cache/strategy/local_cache_middleware.rb:29:in `call'
actionpack (5.2.2) lib/action_dispatch/middleware/executor.rb:14:in `call'
actionpack (5.2.2) lib/action_dispatch/middleware/static.rb:127:in `call'
rack (2.0.6) lib/rack/sendfile.rb:111:in `call'
railties (5.2.2) lib/rails/engine.rb:524:in `call'
puma (3.12.0) lib/puma/configuration.rb:225:in `call'
puma (3.12.0) lib/puma/server.rb:658:in `handle_request'
puma (3.12.0) lib/puma/server.rb:472:in `process_client'
puma (3.12.0) lib/puma/server.rb:332:in `block in run'
puma (3.12.0) lib/puma/thread_pool.rb:133:in `block in spawn_thread'
Started POST "/users" for 127.0.0.1 at 2019-01-28 15:04:59 -0800
Processing by UsersController#create as */*
  Parameters: {"admin"=>"2", "pie"=>{"pizza"=>"good"}}
Completed 200 OK in 1ms (Views: 0.3ms | ActiveRecord: 0.0ms)


Started GET "/users" for 127.0.0.1 at 2019-01-28 15:05:21 -0800
Processing by UsersController#index as */*
  Parameters: {"admin"=>"2", "pie"=>{"pizza"=>"good"}}
  Rendering text template
  Rendered text template (0.0ms)
Completed 200 OK in 2ms (Views: 1.1ms | ActiveRecord: 0.0ms)


  [1m[35m (295.5ms)[0m  [1m[35mCREATE TABLE "schema_migrations" ("version" character varying NOT NULL PRIMARY KEY)[0m
  ↳ bin/rails:9
  [1m[35m (37.6ms)[0m  [1m[35mCREATE TABLE "ar_internal_metadata" ("key" character varying NOT NULL PRIMARY KEY, "value" character varying, "created_at" timestamp NOT NULL, "updated_at" timestamp NOT NULL)[0m
  ↳ bin/rails:9
  [1m[35m (12.7ms)[0m  [1m[34mSELECT pg_try_advisory_lock(2711202859307440470)[0m
  ↳ bin/rails:9
  [1m[35m (1.4ms)[0m  [1m[34mSELECT "schema_migrations"."version" FROM "schema_migrations" ORDER BY "schema_migrations"."version" ASC[0m
  ↳ bin/rails:9
Migrating to CreateUsers (20190128230622)
  [1m[35m (0.3ms)[0m  [1m[35mBEGIN[0m
  ↳ bin/rails:9
  [1m[35m (47.9ms)[0m  [1m[35mCREATE TABLE "users" ("id" bigserial primary key, "email" character varying NOT NULL, "name" character varying NOT NULL, "created_at" timestamp NOT NULL, "updated_at" timestamp NOT NULL)[0m
  ↳ db/migrate/20190128230622_create_users.rb:3
  [1m[36mActiveRecord::SchemaMigration Create (1.3ms)[0m  [1m[32mINSERT INTO "schema_migrations" ("version") VALUES ($1) RETURNING "version"[0m  [["version", "20190128230622"]]
  ↳ bin/rails:9
  [1m[35m (0.7ms)[0m  [1m[35mCOMMIT[0m
  ↳ bin/rails:9
  [1m[36mActiveRecord::InternalMetadata Load (22.9ms)[0m  [1m[34mSELECT  "ar_internal_metadata".* FROM "ar_internal_metadata" WHERE "ar_internal_metadata"."key" = $1 LIMIT $2[0m  [["key", "environment"], ["LIMIT", 1]]
  ↳ bin/rails:9
  [1m[35m (0.6ms)[0m  [1m[35mBEGIN[0m
  ↳ bin/rails:9
  [1m[36mActiveRecord::InternalMetadata Create (0.6ms)[0m  [1m[32mINSERT INTO "ar_internal_metadata" ("key", "value", "created_at", "updated_at") VALUES ($1, $2, $3, $4) RETURNING "key"[0m  [["key", "environment"], ["value", "development"], ["created_at", "2019-01-28 23:08:30.805384"], ["updated_at", "2019-01-28 23:08:30.805384"]]
  ↳ bin/rails:9
  [1m[35m (0.4ms)[0m  [1m[35mCOMMIT[0m
  ↳ bin/rails:9
  [1m[35m (0.3ms)[0m  [1m[34mSELECT pg_advisory_unlock(2711202859307440470)[0m
  ↳ bin/rails:9
  [1m[35m (0.5ms)[0m  [1m[34mSELECT "schema_migrations"."version" FROM "schema_migrations" ORDER BY "schema_migrations"."version" ASC[0m
  ↳ bin/rails:9
  [1m[35m (1.2ms)[0m  [1m[34mSELECT "schema_migrations"."version" FROM "schema_migrations" ORDER BY "schema_migrations"."version" ASC[0m
  ↳ /usr/local/var/rbenv/versions/2.5.0/bin/annotate:23
  [1m[35m (0.9ms)[0m  [1m[34mSELECT "schema_migrations"."version" FROM "schema_migrations" ORDER BY "schema_migrations"."version" ASC[0m
  ↳ bin/rails:9
  [1m[35m (0.9ms)[0m  [1m[34mSELECT "schema_migrations"."version" FROM "schema_migrations" ORDER BY "schema_migrations"."version" ASC[0m
  ↳ bin/rails:9
  [1m[35m (0.9ms)[0m  [1m[34mSELECT "schema_migrations"."version" FROM "schema_migrations" ORDER BY "schema_migrations"."version" ASC[0m
  ↳ bin/rails:9
  [1m[35m (0.2ms)[0m  [1m[35mBEGIN[0m
  ↳ db/seeds.rb:10
  [1m[36mUser Create (12.5ms)[0m  [1m[32mINSERT INTO "users" ("email", "name", "created_at", "updated_at") VALUES ($1, $2, $3, $4) RETURNING "id"[0m  [["email", "0@gmail.com"], ["name", "name0"], ["created_at", "2019-01-28 23:15:29.312717"], ["updated_at", "2019-01-28 23:15:29.312717"]]
  ↳ db/seeds.rb:10
  [1m[35m (0.6ms)[0m  [1m[35mCOMMIT[0m
  ↳ db/seeds.rb:10
  [1m[35m (0.1ms)[0m  [1m[35mBEGIN[0m
  ↳ db/seeds.rb:10
  [1m[36mUser Create (0.4ms)[0m  [1m[32mINSERT INTO "users" ("email", "name", "created_at", "updated_at") VALUES ($1, $2, $3, $4) RETURNING "id"[0m  [["email", "1@gmail.com"], ["name", "name1"], ["created_at", "2019-01-28 23:15:29.327837"], ["updated_at", "2019-01-28 23:15:29.327837"]]
  ↳ db/seeds.rb:10
  [1m[35m (0.5ms)[0m  [1m[35mCOMMIT[0m
  ↳ db/seeds.rb:10
  [1m[35m (0.2ms)[0m  [1m[35mBEGIN[0m
  ↳ db/seeds.rb:10
  [1m[36mUser Create (0.4ms)[0m  [1m[32mINSERT INTO "users" ("email", "name", "created_at", "updated_at") VALUES ($1, $2, $3, $4) RETURNING "id"[0m  [["email", "2@gmail.com"], ["name", "name2"], ["created_at", "2019-01-28 23:15:29.330181"], ["updated_at", "2019-01-28 23:15:29.330181"]]
  ↳ db/seeds.rb:10
  [1m[35m (0.5ms)[0m  [1m[35mCOMMIT[0m
  ↳ db/seeds.rb:10
  [1m[35m (0.2ms)[0m  [1m[35mBEGIN[0m
  ↳ db/seeds.rb:10
  [1m[36mUser Create (0.4ms)[0m  [1m[32mINSERT INTO "users" ("email", "name", "created_at", "updated_at") VALUES ($1, $2, $3, $4) RETURNING "id"[0m  [["email", "3@gmail.com"], ["name", "name3"], ["created_at", "2019-01-28 23:15:29.332537"], ["updated_at", "2019-01-28 23:15:29.332537"]]
  ↳ db/seeds.rb:10
  [1m[35m (0.5ms)[0m  [1m[35mCOMMIT[0m
  ↳ db/seeds.rb:10
  [1m[35m (0.2ms)[0m  [1m[35mBEGIN[0m
  ↳ db/seeds.rb:10
  [1m[36mUser Create (0.4ms)[0m  [1m[32mINSERT INTO "users" ("email", "name", "created_at", "updated_at") VALUES ($1, $2, $3, $4) RETURNING "id"[0m  [["email", "4@gmail.com"], ["name", "name4"], ["created_at", "2019-01-28 23:15:29.334881"], ["updated_at", "2019-01-28 23:15:29.334881"]]
  ↳ db/seeds.rb:10
  [1m[35m (0.5ms)[0m  [1m[35mCOMMIT[0m
  ↳ db/seeds.rb:10
  [1m[36mUser Load (0.7ms)[0m  [1m[34mSELECT "users".* FROM "users"[0m
Started GET "/users" for 127.0.0.1 at 2019-01-28 15:16:50 -0800
  [1m[35m (1.0ms)[0m  [1m[34mSELECT "schema_migrations"."version" FROM "schema_migrations" ORDER BY "schema_migrations"."version" ASC[0m
  ↳ /usr/local/var/rbenv/versions/2.5.0/lib/ruby/gems/2.5.0/gems/activerecord-5.2.2/lib/active_record/log_subscriber.rb:98
Processing by UsersController#index as */*
  Parameters: {"admin"=>"2", "pie"=>{"pizza"=>"good"}}
  Rendering text template
  Rendered text template (0.1ms)
Completed 200 OK in 2ms (Views: 1.3ms | ActiveRecord: 0.0ms)


Started GET "/users" for 127.0.0.1 at 2019-01-28 15:16:59 -0800
Processing by UsersController#index as */*
  Rendering text template
  Rendered text template (0.0ms)
Completed 200 OK in 2ms (Views: 0.7ms | ActiveRecord: 0.0ms)


Started GET "/users" for 127.0.0.1 at 2019-01-28 15:17:20 -0800
Processing by UsersController#index as */*
Completed 200 OK in 1ms (Views: 0.3ms | ActiveRecord: 0.0ms)


  [1m[35m (1.0ms)[0m  [1m[34mSELECT "schema_migrations"."version" FROM "schema_migrations" ORDER BY "schema_migrations"."version" ASC[0m
  ↳ bin/rails:9
  [1m[35m (0.2ms)[0m  [1m[35mBEGIN[0m
  ↳ db/seeds.rb:10
  [1m[36mUser Create (0.7ms)[0m  [1m[32mINSERT INTO "users" ("email", "name", "created_at", "updated_at") VALUES ($1, $2, $3, $4) RETURNING "id"[0m  [["email", "0@gmail.com"], ["name", "name0"], ["created_at", "2019-01-28 23:19:52.130878"], ["updated_at", "2019-01-28 23:19:52.130878"]]
  ↳ db/seeds.rb:10
  [1m[35m (0.4ms)[0m  [1m[35mCOMMIT[0m
  ↳ db/seeds.rb:10
  [1m[35m (0.1ms)[0m  [1m[35mBEGIN[0m
  ↳ db/seeds.rb:10
  [1m[36mUser Create (1.1ms)[0m  [1m[32mINSERT INTO "users" ("email", "name", "created_at", "updated_at") VALUES ($1, $2, $3, $4) RETURNING "id"[0m  [["email", "1@gmail.com"], ["name", "name1"], ["created_at", "2019-01-28 23:19:52.133830"], ["updated_at", "2019-01-28 23:19:52.133830"]]
  ↳ db/seeds.rb:10
  [1m[35m (0.5ms)[0m  [1m[35mCOMMIT[0m
  ↳ db/seeds.rb:10
  [1m[35m (0.2ms)[0m  [1m[35mBEGIN[0m
  ↳ db/seeds.rb:10
  [1m[36mUser Create (0.4ms)[0m  [1m[32mINSERT INTO "users" ("email", "name", "created_at", "updated_at") VALUES ($1, $2, $3, $4) RETURNING "id"[0m  [["email", "2@gmail.com"], ["name", "name2"], ["created_at", "2019-01-28 23:19:52.137146"], ["updated_at", "2019-01-28 23:19:52.137146"]]
  ↳ db/seeds.rb:10
  [1m[35m (0.4ms)[0m  [1m[35mCOMMIT[0m
  ↳ db/seeds.rb:10
  [1m[35m (0.1ms)[0m  [1m[35mBEGIN[0m
  ↳ db/seeds.rb:10
  [1m[36mUser Create (0.4ms)[0m  [1m[32mINSERT INTO "users" ("email", "name", "created_at", "updated_at") VALUES ($1, $2, $3, $4) RETURNING "id"[0m  [["email", "3@gmail.com"], ["name", "name3"], ["created_at", "2019-01-28 23:19:52.139419"], ["updated_at", "2019-01-28 23:19:52.139419"]]
  ↳ db/seeds.rb:10
  [1m[35m (0.5ms)[0m  [1m[35mCOMMIT[0m
  ↳ db/seeds.rb:10
  [1m[35m (0.2ms)[0m  [1m[35mBEGIN[0m
  ↳ db/seeds.rb:10
  [1m[36mUser Create (0.5ms)[0m  [1m[32mINSERT INTO "users" ("email", "name", "created_at", "updated_at") VALUES ($1, $2, $3, $4) RETURNING "id"[0m  [["email", "4@gmail.com"], ["name", "name4"], ["created_at", "2019-01-28 23:19:52.141887"], ["updated_at", "2019-01-28 23:19:52.141887"]]
  ↳ db/seeds.rb:10
  [1m[35m (0.6ms)[0m  [1m[35mCOMMIT[0m
  ↳ db/seeds.rb:10
  [1m[35m (0.9ms)[0m  [1m[34mSELECT "schema_migrations"."version" FROM "schema_migrations" ORDER BY "schema_migrations"."version" ASC[0m
  ↳ bin/rails:9
  [1m[36mUser Load (0.7ms)[0m  [1m[34mSELECT "users".* FROM "users"[0m
  ↳ db/seeds.rb:9
  [1m[35m (0.3ms)[0m  [1m[35mBEGIN[0m
  ↳ db/seeds.rb:9
  [1m[36mUser Destroy (0.7ms)[0m  [1m[31mDELETE FROM "users" WHERE "users"."id" = $1[0m  [["id", 1]]
  ↳ db/seeds.rb:9
  [1m[35m (0.6ms)[0m  [1m[35mCOMMIT[0m
  ↳ db/seeds.rb:9
  [1m[35m (0.1ms)[0m  [1m[35mBEGIN[0m
  ↳ db/seeds.rb:9
  [1m[36mUser Destroy (0.4ms)[0m  [1m[31mDELETE FROM "users" WHERE "users"."id" = $1[0m  [["id", 2]]
  ↳ db/seeds.rb:9
  [1m[35m (0.5ms)[0m  [1m[35mCOMMIT[0m
  ↳ db/seeds.rb:9
  [1m[35m (0.1ms)[0m  [1m[35mBEGIN[0m
  ↳ db/seeds.rb:9
  [1m[36mUser Destroy (0.3ms)[0m  [1m[31mDELETE FROM "users" WHERE "users"."id" = $1[0m  [["id", 3]]
  ↳ db/seeds.rb:9
  [1m[35m (0.5ms)[0m  [1m[35mCOMMIT[0m
  ↳ db/seeds.rb:9
  [1m[35m (0.2ms)[0m  [1m[35mBEGIN[0m
  ↳ db/seeds.rb:9
  [1m[36mUser Destroy (0.4ms)[0m  [1m[31mDELETE FROM "users" WHERE "users"."id" = $1[0m  [["id", 4]]
  ↳ db/seeds.rb:9
  [1m[35m (0.4ms)[0m  [1m[35mCOMMIT[0m
  ↳ db/seeds.rb:9
  [1m[35m (0.1ms)[0m  [1m[35mBEGIN[0m
  ↳ db/seeds.rb:9
  [1m[36mUser Destroy (0.3ms)[0m  [1m[31mDELETE FROM "users" WHERE "users"."id" = $1[0m  [["id", 5]]
  ↳ db/seeds.rb:9
  [1m[35m (0.4ms)[0m  [1m[35mCOMMIT[0m
  ↳ db/seeds.rb:9
  [1m[35m (0.1ms)[0m  [1m[35mBEGIN[0m
  ↳ db/seeds.rb:9
  [1m[36mUser Destroy (0.3ms)[0m  [1m[31mDELETE FROM "users" WHERE "users"."id" = $1[0m  [["id", 6]]
  ↳ db/seeds.rb:9
  [1m[35m (0.5ms)[0m  [1m[35mCOMMIT[0m
  ↳ db/seeds.rb:9
  [1m[35m (0.3ms)[0m  [1m[35mBEGIN[0m
  ↳ db/seeds.rb:9
  [1m[36mUser Destroy (0.4ms)[0m  [1m[31mDELETE FROM "users" WHERE "users"."id" = $1[0m  [["id", 7]]
  ↳ db/seeds.rb:9
  [1m[35m (0.9ms)[0m  [1m[35mCOMMIT[0m
  ↳ db/seeds.rb:9
  [1m[35m (0.2ms)[0m  [1m[35mBEGIN[0m
  ↳ db/seeds.rb:9
  [1m[36mUser Destroy (0.4ms)[0m  [1m[31mDELETE FROM "users" WHERE "users"."id" = $1[0m  [["id", 8]]
  ↳ db/seeds.rb:9
  [1m[35m (0.4ms)[0m  [1m[35mCOMMIT[0m
  ↳ db/seeds.rb:9
  [1m[35m (0.1ms)[0m  [1m[35mBEGIN[0m
  ↳ db/seeds.rb:9
  [1m[36mUser Destroy (0.4ms)[0m  [1m[31mDELETE FROM "users" WHERE "users"."id" = $1[0m  [["id", 9]]
  ↳ db/seeds.rb:9
  [1m[35m (0.4ms)[0m  [1m[35mCOMMIT[0m
  ↳ db/seeds.rb:9
  [1m[35m (0.1ms)[0m  [1m[35mBEGIN[0m
  ↳ db/seeds.rb:9
  [1m[36mUser Destroy (0.4ms)[0m  [1m[31mDELETE FROM "users" WHERE "users"."id" = $1[0m  [["id", 10]]
  ↳ db/seeds.rb:9
  [1m[35m (0.3ms)[0m  [1m[35mCOMMIT[0m
  ↳ db/seeds.rb:9
  [1m[35m (0.1ms)[0m  [1m[35mBEGIN[0m
  ↳ db/seeds.rb:12
  [1m[36mUser Create (0.5ms)[0m  [1m[32mINSERT INTO "users" ("email", "name", "created_at", "updated_at") VALUES ($1, $2, $3, $4) RETURNING "id"[0m  [["email", "0@gmail.com"], ["name", "name0"], ["created_at", "2019-01-28 23:20:12.365171"], ["updated_at", "2019-01-28 23:20:12.365171"]]
  ↳ db/seeds.rb:12
  [1m[35m (0.5ms)[0m  [1m[35mCOMMIT[0m
  ↳ db/seeds.rb:12
  [1m[35m (0.1ms)[0m  [1m[35mBEGIN[0m
  ↳ db/seeds.rb:12
  [1m[36mUser Create (0.4ms)[0m  [1m[32mINSERT INTO "users" ("email", "name", "created_at", "updated_at") VALUES ($1, $2, $3, $4) RETURNING "id"[0m  [["email", "1@gmail.com"], ["name", "name1"], ["created_at", "2019-01-28 23:20:12.367824"], ["updated_at", "2019-01-28 23:20:12.367824"]]
  ↳ db/seeds.rb:12
  [1m[35m (0.4ms)[0m  [1m[35mCOMMIT[0m
  ↳ db/seeds.rb:12
  [1m[35m (0.1ms)[0m  [1m[35mBEGIN[0m
  ↳ db/seeds.rb:12
  [1m[36mUser Create (0.4ms)[0m  [1m[32mINSERT INTO "users" ("email", "name", "created_at", "updated_at") VALUES ($1, $2, $3, $4) RETURNING "id"[0m  [["email", "2@gmail.com"], ["name", "name2"], ["created_at", "2019-01-28 23:20:12.370060"], ["updated_at", "2019-01-28 23:20:12.370060"]]
  ↳ db/seeds.rb:12
  [1m[35m (0.4ms)[0m  [1m[35mCOMMIT[0m
  ↳ db/seeds.rb:12
  [1m[35m (0.1ms)[0m  [1m[35mBEGIN[0m
  ↳ db/seeds.rb:12
  [1m[36mUser Create (0.5ms)[0m  [1m[32mINSERT INTO "users" ("email", "name", "created_at", "updated_at") VALUES ($1, $2, $3, $4) RETURNING "id"[0m  [["email", "3@gmail.com"], ["name", "name3"], ["created_at", "2019-01-28 23:20:12.372275"], ["updated_at", "2019-01-28 23:20:12.372275"]]
  ↳ db/seeds.rb:12
  [1m[35m (0.5ms)[0m  [1m[35mCOMMIT[0m
  ↳ db/seeds.rb:12
  [1m[35m (0.1ms)[0m  [1m[35mBEGIN[0m
  ↳ db/seeds.rb:12
  [1m[36mUser Create (0.4ms)[0m  [1m[32mINSERT INTO "users" ("email", "name", "created_at", "updated_at") VALUES ($1, $2, $3, $4) RETURNING "id"[0m  [["email", "4@gmail.com"], ["name", "name4"], ["created_at", "2019-01-28 23:20:12.374749"], ["updated_at", "2019-01-28 23:20:12.374749"]]
  ↳ db/seeds.rb:12
  [1m[35m (0.5ms)[0m  [1m[35mCOMMIT[0m
  ↳ db/seeds.rb:12
Started GET "/users" for 127.0.0.1 at 2019-01-28 15:20:25 -0800
Processing by UsersController#index as */*
Completed 200 OK in 1ms (Views: 0.2ms | ActiveRecord: 0.0ms)


Started GET "/users" for 127.0.0.1 at 2019-01-28 15:20:42 -0800
Processing by UsersController#index as */*
Completed 200 OK in 1ms (Views: 0.3ms | ActiveRecord: 0.0ms)


Started GET "/users/1" for 127.0.0.1 at 2019-01-28 15:20:55 -0800
Processing by UsersController#show as */*
  Parameters: {"id"=>"1"}
Completed 200 OK in 1ms (Views: 0.3ms | ActiveRecord: 0.0ms)


Started GET "/users" for 127.0.0.1 at 2019-01-28 15:21:31 -0800
Processing by UsersController#index as */*
  [1m[36mUser Load (0.9ms)[0m  [1m[34mSELECT "users".* FROM "users"[0m
  ↳ app/controllers/users_controller.rb:4
Completed 200 OK in 47ms (Views: 36.7ms | ActiveRecord: 8.3ms)


Started POST "/users?User=Mason&User=email@gmail.com" for 127.0.0.1 at 2019-01-28 15:24:57 -0800
Processing by UsersController#create as */*
  Parameters: {"User"=>"email@gmail.com"}
Completed 400 Bad Request in 2ms (ActiveRecord: 0.0ms)



ActionController::ParameterMissing - param is missing or the value is empty: user:
  app/controllers/users_controller.rb:19:in `user_params'
  app/controllers/users_controller.rb:8:in `create'

Started POST "/users?user[name]=Mason&user[email]=email@gmail.com" for 127.0.0.1 at 2019-01-28 15:25:45 -0800
Processing by UsersController#create as */*
  Parameters: {"user"=>{"name"=>"Mason", "email"=>"email@gmail.com"}}
Completed 200 OK in 21ms (Views: 0.5ms | ActiveRecord: 9.7ms)


  [1m[36mUser Load (0.7ms)[0m  [1m[34mSELECT "users".* FROM "users"[0m
Started POST "/users?user[name]=Mason&user[email]=email@gmail.com" for 127.0.0.1 at 2019-01-28 15:26:45 -0800
Processing by UsersController#create as */*
  Parameters: {"user"=>{"name"=>"Mason", "email"=>"email@gmail.com"}}
  [1m[35m (0.2ms)[0m  [1m[35mBEGIN[0m
  ↳ app/controllers/users_controller.rb:9
  [1m[36mUser Create (1.0ms)[0m  [1m[32mINSERT INTO "users" ("email", "name", "created_at", "updated_at") VALUES ($1, $2, $3, $4) RETURNING "id"[0m  [["email", "email@gmail.com"], ["name", "Mason"], ["created_at", "2019-01-28 23:26:45.631282"], ["updated_at", "2019-01-28 23:26:45.631282"]]
  ↳ app/controllers/users_controller.rb:9
  [1m[35m (0.6ms)[0m  [1m[35mCOMMIT[0m
  ↳ app/controllers/users_controller.rb:9
Completed 200 OK in 50ms (Views: 0.4ms | ActiveRecord: 7.1ms)


  [1m[36mUser Load (0.4ms)[0m  [1m[34mSELECT  "users".* FROM "users" ORDER BY "users"."id" DESC LIMIT $1[0m  [["LIMIT", 1]]
Started GET "/users" for 127.0.0.1 at 2019-01-28 15:27:19 -0800
Processing by UsersController#index as */*
  [1m[36mUser Load (0.4ms)[0m  [1m[34mSELECT "users".* FROM "users"[0m
  ↳ app/controllers/users_controller.rb:4
Completed 200 OK in 3ms (Views: 2.2ms | ActiveRecord: 0.4ms)


Started POST "/users?user[name]=Melvin" for 127.0.0.1 at 2019-01-28 15:28:31 -0800
Processing by UsersController#create as */*
  Parameters: {"user"=>{"name"=>"Melvin"}}
  [1m[35m (0.2ms)[0m  [1m[35mBEGIN[0m
  ↳ app/controllers/users_controller.rb:9
  [1m[35m (0.2ms)[0m  [1m[31mROLLBACK[0m
  ↳ app/controllers/users_controller.rb:9
Completed 422 Unprocessable Entity in 125ms (ActiveRecord: 0.5ms)



ActiveRecord::RecordInvalid - Validation failed: Email can't be blank:
  app/controllers/users_controller.rb:9:in `create'

Started POST "/users?user[name]=Melvin" for 127.0.0.1 at 2019-01-28 15:30:28 -0800
Processing by UsersController#create as */*
  Parameters: {"user"=>{"name"=>"Melvin"}}
  [1m[35m (0.2ms)[0m  [1m[35mBEGIN[0m
  ↳ app/controllers/users_controller.rb:9
  [1m[35m (0.2ms)[0m  [1m[31mROLLBACK[0m
  ↳ app/controllers/users_controller.rb:9
Completed 422 Unprocessable Entity in 40ms (Views: 0.2ms | ActiveRecord: 7.1ms)


Started POST "/users?user[name]=Melvin&user[email]=melvin@gmail.com" for 127.0.0.1 at 2019-01-28 15:32:09 -0800
Processing by UsersController#create as */*
  Parameters: {"user"=>{"name"=>"Melvin", "email"=>"melvin@gmail.com"}}
  [1m[35m (0.2ms)[0m  [1m[35mBEGIN[0m
  ↳ app/controllers/users_controller.rb:9
  [1m[36mUser Create (0.5ms)[0m  [1m[32mINSERT INTO "users" ("email", "name", "created_at", "updated_at") VALUES ($1, $2, $3, $4) RETURNING "id"[0m  [["email", "melvin@gmail.com"], ["name", "Melvin"], ["created_at", "2019-01-28 23:32:09.328447"], ["updated_at", "2019-01-28 23:32:09.328447"]]
  ↳ app/controllers/users_controller.rb:9
  [1m[35m (0.5ms)[0m  [1m[35mCOMMIT[0m
  ↳ app/controllers/users_controller.rb:9
Completed 200 OK in 4ms (Views: 0.5ms | ActiveRecord: 1.2ms)


Started GET "/users/1" for 127.0.0.1 at 2019-01-28 15:39:28 -0800
Processing by UsersController#show as */*
  Parameters: {"id"=>"1"}
  [1m[36mUser Load (0.5ms)[0m  [1m[34mSELECT  "users".* FROM "users" WHERE "users"."id" = $1 LIMIT $2[0m  [["id", 1], ["LIMIT", 1]]
  ↳ app/controllers/users_controller.rb:21
Completed 404 Not Found in 56ms (ActiveRecord: 11.6ms)



ActiveRecord::RecordNotFound - Couldn't find User with 'id'=1:
  app/controllers/users_controller.rb:21:in `show'

Started GET "/users/11" for 127.0.0.1 at 2019-01-28 15:39:43 -0800
Processing by UsersController#show as */*
  Parameters: {"id"=>"11"}
  [1m[36mUser Load (0.5ms)[0m  [1m[34mSELECT  "users".* FROM "users" WHERE "users"."id" = $1 LIMIT $2[0m  [["id", 11], ["LIMIT", 1]]
  ↳ app/controllers/users_controller.rb:21
Completed 200 OK in 11ms (Views: 0.6ms | ActiveRecord: 0.5ms)


Started GET "/users/1000" for 127.0.0.1 at 2019-01-28 15:39:53 -0800
Processing by UsersController#show as */*
  Parameters: {"id"=>"1000"}
  [1m[36mUser Load (4.0ms)[0m  [1m[34mSELECT  "users".* FROM "users" WHERE "users"."id" = $1 LIMIT $2[0m  [["id", 1000], ["LIMIT", 1]]
  ↳ app/controllers/users_controller.rb:21
Completed 404 Not Found in 12ms (ActiveRecord: 4.0ms)



ActiveRecord::RecordNotFound - Couldn't find User with 'id'=1000:
  app/controllers/users_controller.rb:21:in `show'

Started GET "/user/1" for 127.0.0.1 at 2019-01-28 15:40:25 -0800
  
ActionController::RoutingError (No route matches [GET] "/user/1"):
  
actionpack (5.2.2) lib/action_dispatch/middleware/debug_exceptions.rb:65:in `call'
web-console (3.7.0) lib/web_console/middleware.rb:135:in `call_app'
web-console (3.7.0) lib/web_console/middleware.rb:30:in `block in call'
web-console (3.7.0) lib/web_console/middleware.rb:20:in `catch'
web-console (3.7.0) lib/web_console/middleware.rb:20:in `call'
actionpack (5.2.2) lib/action_dispatch/middleware/show_exceptions.rb:33:in `call'
railties (5.2.2) lib/rails/rack/logger.rb:38:in `call_app'
railties (5.2.2) lib/rails/rack/logger.rb:26:in `block in call'
activesupport (5.2.2) lib/active_support/tagged_logging.rb:71:in `block in tagged'
activesupport (5.2.2) lib/active_support/tagged_logging.rb:28:in `tagged'
activesupport (5.2.2) lib/active_support/tagged_logging.rb:71:in `tagged'
railties (5.2.2) lib/rails/rack/logger.rb:26:in `call'
sprockets-rails (3.2.1) lib/sprockets/rails/quiet_assets.rb:13:in `call'
actionpack (5.2.2) lib/action_dispatch/middleware/remote_ip.rb:81:in `call'
actionpack (5.2.2) lib/action_dispatch/middleware/request_id.rb:27:in `call'
rack (2.0.6) lib/rack/method_override.rb:22:in `call'
rack (2.0.6) lib/rack/runtime.rb:22:in `call'
activesupport (5.2.2) lib/active_support/cache/strategy/local_cache_middleware.rb:29:in `call'
actionpack (5.2.2) lib/action_dispatch/middleware/executor.rb:14:in `call'
actionpack (5.2.2) lib/action_dispatch/middleware/static.rb:127:in `call'
rack (2.0.6) lib/rack/sendfile.rb:111:in `call'
railties (5.2.2) lib/rails/engine.rb:524:in `call'
puma (3.12.0) lib/puma/configuration.rb:225:in `call'
puma (3.12.0) lib/puma/server.rb:658:in `handle_request'
puma (3.12.0) lib/puma/server.rb:472:in `process_client'
puma (3.12.0) lib/puma/server.rb:332:in `block in run'
puma (3.12.0) lib/puma/thread_pool.rb:133:in `block in spawn_thread'
Started GET "/user/1" for 127.0.0.1 at 2019-01-28 16:19:05 -0800
  
ActionController::RoutingError (No route matches [GET] "/user/1"):
  
actionpack (5.2.2) lib/action_dispatch/middleware/debug_exceptions.rb:65:in `call'
web-console (3.7.0) lib/web_console/middleware.rb:135:in `call_app'
web-console (3.7.0) lib/web_console/middleware.rb:30:in `block in call'
web-console (3.7.0) lib/web_console/middleware.rb:20:in `catch'
web-console (3.7.0) lib/web_console/middleware.rb:20:in `call'
actionpack (5.2.2) lib/action_dispatch/middleware/show_exceptions.rb:33:in `call'
railties (5.2.2) lib/rails/rack/logger.rb:38:in `call_app'
railties (5.2.2) lib/rails/rack/logger.rb:26:in `block in call'
activesupport (5.2.2) lib/active_support/tagged_logging.rb:71:in `block in tagged'
activesupport (5.2.2) lib/active_support/tagged_logging.rb:28:in `tagged'
activesupport (5.2.2) lib/active_support/tagged_logging.rb:71:in `tagged'
railties (5.2.2) lib/rails/rack/logger.rb:26:in `call'
sprockets-rails (3.2.1) lib/sprockets/rails/quiet_assets.rb:13:in `call'
actionpack (5.2.2) lib/action_dispatch/middleware/remote_ip.rb:81:in `call'
actionpack (5.2.2) lib/action_dispatch/middleware/request_id.rb:27:in `call'
rack (2.0.6) lib/rack/method_override.rb:22:in `call'
rack (2.0.6) lib/rack/runtime.rb:22:in `call'
activesupport (5.2.2) lib/active_support/cache/strategy/local_cache_middleware.rb:29:in `call'
actionpack (5.2.2) lib/action_dispatch/middleware/executor.rb:14:in `call'
actionpack (5.2.2) lib/action_dispatch/middleware/static.rb:127:in `call'
rack (2.0.6) lib/rack/sendfile.rb:111:in `call'
railties (5.2.2) lib/rails/engine.rb:524:in `call'
puma (3.12.0) lib/puma/configuration.rb:225:in `call'
puma (3.12.0) lib/puma/server.rb:658:in `handle_request'
puma (3.12.0) lib/puma/server.rb:472:in `process_client'
puma (3.12.0) lib/puma/server.rb:332:in `block in run'
puma (3.12.0) lib/puma/thread_pool.rb:133:in `block in spawn_thread'
Started GET "/users/1" for 127.0.0.1 at 2019-01-28 16:19:21 -0800
Processing by UsersController#show as */*
  Parameters: {"id"=>"1"}
  [1m[36mUser Load (0.5ms)[0m  [1m[34mSELECT  "users".* FROM "users" WHERE "users"."id" = $1 LIMIT $2[0m  [["id", 1], ["LIMIT", 1]]
  ↳ app/controllers/users_controller.rb:21
Completed 404 Not Found in 48ms (ActiveRecord: 13.3ms)



ActiveRecord::RecordNotFound - Couldn't find User with 'id'=1:
  app/controllers/users_controller.rb:21:in `show'

Started GET "/users/11" for 127.0.0.1 at 2019-01-28 16:20:09 -0800
Processing by UsersController#show as */*
  Parameters: {"id"=>"11"}
  [1m[36mUser Load (0.3ms)[0m  [1m[34mSELECT  "users".* FROM "users" WHERE "users"."id" = $1 LIMIT $2[0m  [["id", 11], ["LIMIT", 1]]
  ↳ app/controllers/users_controller.rb:21
Completed 200 OK in 43ms (Views: 2.7ms | ActiveRecord: 8.2ms)


Started PATCH "/users/11?user[name]=New_Melvin" for 127.0.0.1 at 2019-01-28 16:21:11 -0800
Processing by UsersController#update as */*
  Parameters: {"user"=>{"name"=>"New_Melvin"}, "id"=>"11"}
  [1m[36mUser Load (0.4ms)[0m  [1m[34mSELECT  "users".* FROM "users" WHERE "users"."id" = $1 LIMIT $2[0m  [["id", 11], ["LIMIT", 1]]
  ↳ app/controllers/users_controller.rb:27
  [1m[35m (0.2ms)[0m  [1m[35mBEGIN[0m
  ↳ app/controllers/users_controller.rb:29
  [1m[36mUser Update (1.2ms)[0m  [1m[33mUPDATE "users" SET "name" = $1, "updated_at" = $2 WHERE "users"."id" = $3[0m  [["name", "New_Melvin"], ["updated_at", "2019-01-29 00:21:11.433475"], ["id", 11]]
  ↳ app/controllers/users_controller.rb:29
  [1m[35m (18.5ms)[0m  [1m[35mCOMMIT[0m
  ↳ app/controllers/users_controller.rb:29
No template found for UsersController#update, rendering head :no_content
Completed 204 No Content in 138ms (ActiveRecord: 20.3ms)


  [1m[36mUser Load (1.4ms)[0m  [1m[34mSELECT  "users".* FROM "users" ORDER BY "users"."id" ASC LIMIT $1[0m  [["LIMIT", 1]]
Started PATCH "/users/11?user[name]=Newer_Melvin" for 127.0.0.1 at 2019-01-28 16:22:52 -0800
Processing by UsersController#update as */*
  Parameters: {"user"=>{"name"=>"Newer_Melvin"}, "id"=>"11"}
  [1m[36mUser Load (0.4ms)[0m  [1m[34mSELECT  "users".* FROM "users" WHERE "users"."id" = $1 LIMIT $2[0m  [["id", 11], ["LIMIT", 1]]
  ↳ app/controllers/users_controller.rb:27
  [1m[35m (0.3ms)[0m  [1m[35mBEGIN[0m
  ↳ app/controllers/users_controller.rb:29
  [1m[36mUser Update (0.5ms)[0m  [1m[33mUPDATE "users" SET "name" = $1, "updated_at" = $2 WHERE "users"."id" = $3[0m  [["name", "Newer_Melvin"], ["updated_at", "2019-01-29 00:22:52.555238"], ["id", 11]]
  ↳ app/controllers/users_controller.rb:29
  [1m[35m (0.4ms)[0m  [1m[35mCOMMIT[0m
  ↳ app/controllers/users_controller.rb:29
Completed 200 OK in 43ms (Views: 0.6ms | ActiveRecord: 8.1ms)


Started DELETE "/users/11" for 127.0.0.1 at 2019-01-28 16:24:15 -0800
Processing by UsersController#destroy as */*
  Parameters: {"id"=>"11"}
  [1m[36mUser Load (0.3ms)[0m  [1m[34mSELECT  "users".* FROM "users" WHERE "users"."id" = $1 LIMIT $2[0m  [["id", 11], ["LIMIT", 1]]
  ↳ app/controllers/users_controller.rb:37
Completed 400 Bad Request in 38ms (ActiveRecord: 5.5ms)



ActionController::ParameterMissing - param is missing or the value is empty: user:
  app/controllers/users_controller.rb:49:in `user_params'
  app/controllers/users_controller.rb:39:in `destroy'

Started GET "/users/11" for 127.0.0.1 at 2019-01-28 16:24:30 -0800
Processing by UsersController#show as */*
  Parameters: {"id"=>"11"}
  [1m[36mUser Load (0.6ms)[0m  [1m[34mSELECT  "users".* FROM "users" WHERE "users"."id" = $1 LIMIT $2[0m  [["id", 11], ["LIMIT", 1]]
  ↳ app/controllers/users_controller.rb:21
Completed 200 OK in 3ms (Views: 1.0ms | ActiveRecord: 0.6ms)


Started DELETE "/users/11" for 127.0.0.1 at 2019-01-28 16:24:45 -0800
Processing by UsersController#destroy as */*
  Parameters: {"id"=>"11"}
  [1m[36mUser Load (0.9ms)[0m  [1m[34mSELECT  "users".* FROM "users" WHERE "users"."id" = $1 LIMIT $2[0m  [["id", 11], ["LIMIT", 1]]
  ↳ app/controllers/users_controller.rb:37
Completed 400 Bad Request in 3ms (ActiveRecord: 0.9ms)



ActionController::ParameterMissing - param is missing or the value is empty: user:
  app/controllers/users_controller.rb:49:in `user_params'
  app/controllers/users_controller.rb:39:in `destroy'

Started DELETE "/users/11?user[name]=Newer_Melvin" for 127.0.0.1 at 2019-01-28 16:25:50 -0800
Processing by UsersController#destroy as */*
  Parameters: {"user"=>{"name"=>"Newer_Melvin"}, "id"=>"11"}
  [1m[36mUser Load (0.3ms)[0m  [1m[34mSELECT  "users".* FROM "users" WHERE "users"."id" = $1 LIMIT $2[0m  [["id", 11], ["LIMIT", 1]]
  ↳ app/controllers/users_controller.rb:37
Completed 500 Internal Server Error in 2ms (ActiveRecord: 0.3ms)



ArgumentError - wrong number of arguments (given 1, expected 0):
  app/controllers/users_controller.rb:39:in `destroy'

Started DELETE "/users/11" for 127.0.0.1 at 2019-01-28 16:26:08 -0800
Processing by UsersController#destroy as */*
  Parameters: {"id"=>"11"}
  [1m[36mUser Load (0.3ms)[0m  [1m[34mSELECT  "users".* FROM "users" WHERE "users"."id" = $1 LIMIT $2[0m  [["id", 11], ["LIMIT", 1]]
  ↳ app/controllers/users_controller.rb:37
  [1m[35m (0.2ms)[0m  [1m[35mBEGIN[0m
  ↳ app/controllers/users_controller.rb:39
  [1m[36mUser Destroy (0.5ms)[0m  [1m[31mDELETE FROM "users" WHERE "users"."id" = $1[0m  [["id", 11]]
  ↳ app/controllers/users_controller.rb:39
  [1m[35m (0.5ms)[0m  [1m[35mCOMMIT[0m
  ↳ app/controllers/users_controller.rb:39
Completed 200 OK in 42ms (Views: 0.7ms | ActiveRecord: 7.3ms)


Started GET "/users/11" for 127.0.0.1 at 2019-01-28 16:26:17 -0800
Processing by UsersController#show as */*
  Parameters: {"id"=>"11"}
  [1m[36mUser Load (0.3ms)[0m  [1m[34mSELECT  "users".* FROM "users" WHERE "users"."id" = $1 LIMIT $2[0m  [["id", 11], ["LIMIT", 1]]
  ↳ app/controllers/users_controller.rb:21
Completed 404 Not Found in 2ms (ActiveRecord: 0.3ms)



ActiveRecord::RecordNotFound - Couldn't find User with 'id'=11:
  app/controllers/users_controller.rb:21:in `show'

  [1m[36mUser Load (0.5ms)[0m  [1m[34mSELECT  "users".* FROM "users" ORDER BY "users"."id" ASC LIMIT $1[0m  [["LIMIT", 1]]
  [1m[35m (0.3ms)[0m  [1m[34mSELECT pg_try_advisory_lock(2711202859307440470)[0m
  ↳ bin/rails:9
  [1m[35m (1.2ms)[0m  [1m[34mSELECT "schema_migrations"."version" FROM "schema_migrations" ORDER BY "schema_migrations"."version" ASC[0m
  ↳ bin/rails:9
Migrating to EditUserReplaceColumnsWithUserName (20190129004128)
  [1m[35m (0.2ms)[0m  [1m[35mBEGIN[0m
  ↳ bin/rails:9
  [1m[35m (59.8ms)[0m  [1m[35mALTER TABLE "users" DROP COLUMN "email"[0m
  ↳ db/migrate/20190129004128_edit_user_replace_columns_with_user_name.rb:3
  [1m[35m (0.4ms)[0m  [1m[35mALTER TABLE "users" DROP COLUMN "name"[0m
  ↳ db/migrate/20190129004128_edit_user_replace_columns_with_user_name.rb:4
  [1m[35m (0.3ms)[0m  [1m[31mROLLBACK[0m
  ↳ bin/rails:9
  [1m[35m (0.4ms)[0m  [1m[34mSELECT pg_advisory_unlock(2711202859307440470)[0m
  ↳ bin/rails:9
  [1m[35m (0.2ms)[0m  [1m[34mSELECT pg_try_advisory_lock(2711202859307440470)[0m
  ↳ bin/rails:9
  [1m[35m (0.9ms)[0m  [1m[34mSELECT "schema_migrations"."version" FROM "schema_migrations" ORDER BY "schema_migrations"."version" ASC[0m
  ↳ bin/rails:9
Migrating to EditUserReplaceColumnsWithUserName (20190129004128)
  [1m[35m (0.3ms)[0m  [1m[35mBEGIN[0m
  ↳ bin/rails:9
  [1m[35m (1.1ms)[0m  [1m[35mALTER TABLE "users" DROP COLUMN "email"[0m
  ↳ db/migrate/20190129004128_edit_user_replace_columns_with_user_name.rb:3
  [1m[35m (0.4ms)[0m  [1m[35mALTER TABLE "users" DROP COLUMN "name"[0m
  ↳ db/migrate/20190129004128_edit_user_replace_columns_with_user_name.rb:4
  [1m[35m (63.5ms)[0m  [1m[35mALTER TABLE "users" ADD "username" character varying NOT NULL[0m
  ↳ db/migrate/20190129004128_edit_user_replace_columns_with_user_name.rb:5
  [1m[35m (0.2ms)[0m  [1m[31mROLLBACK[0m
  ↳ bin/rails:9
  [1m[35m (0.3ms)[0m  [1m[34mSELECT pg_advisory_unlock(2711202859307440470)[0m
  ↳ bin/rails:9
  [1m[36mUser Load (0.7ms)[0m  [1m[34mSELECT "users".* FROM "users"[0m
  [1m[35m (0.3ms)[0m  [1m[35mBEGIN[0m
  [1m[36mUser Destroy (0.7ms)[0m  [1m[31mDELETE FROM "users" WHERE "users"."id" = $1[0m  [["id", 12]]
  [1m[35m (0.6ms)[0m  [1m[35mCOMMIT[0m
  [1m[35m (0.2ms)[0m  [1m[35mBEGIN[0m
  [1m[36mUser Destroy (0.4ms)[0m  [1m[31mDELETE FROM "users" WHERE "users"."id" = $1[0m  [["id", 13]]
  [1m[35m (0.4ms)[0m  [1m[35mCOMMIT[0m
  [1m[35m (0.1ms)[0m  [1m[35mBEGIN[0m
  [1m[36mUser Destroy (0.4ms)[0m  [1m[31mDELETE FROM "users" WHERE "users"."id" = $1[0m  [["id", 14]]
  [1m[35m (0.4ms)[0m  [1m[35mCOMMIT[0m
  [1m[35m (0.1ms)[0m  [1m[35mBEGIN[0m
  [1m[36mUser Destroy (0.4ms)[0m  [1m[31mDELETE FROM "users" WHERE "users"."id" = $1[0m  [["id", 15]]
  [1m[35m (0.4ms)[0m  [1m[35mCOMMIT[0m
  [1m[35m (0.1ms)[0m  [1m[35mBEGIN[0m
  [1m[36mUser Destroy (0.5ms)[0m  [1m[31mDELETE FROM "users" WHERE "users"."id" = $1[0m  [["id", 16]]
  [1m[35m (0.5ms)[0m  [1m[35mCOMMIT[0m
  [1m[35m (0.2ms)[0m  [1m[35mBEGIN[0m
  [1m[36mUser Destroy (0.5ms)[0m  [1m[31mDELETE FROM "users" WHERE "users"."id" = $1[0m  [["id", 17]]
  [1m[35m (0.4ms)[0m  [1m[35mCOMMIT[0m
  [1m[36mUser Load (0.5ms)[0m  [1m[34mSELECT "users".* FROM "users"[0m
  [1m[35m (0.2ms)[0m  [1m[34mSELECT pg_try_advisory_lock(2711202859307440470)[0m
  ↳ bin/rails:9
  [1m[35m (1.1ms)[0m  [1m[34mSELECT "schema_migrations"."version" FROM "schema_migrations" ORDER BY "schema_migrations"."version" ASC[0m
  ↳ bin/rails:9
Migrating to EditUserReplaceColumnsWithUserName (20190129004128)
  [1m[35m (0.2ms)[0m  [1m[35mBEGIN[0m
  ↳ bin/rails:9
  [1m[35m (1.0ms)[0m  [1m[35mALTER TABLE "users" DROP COLUMN "email"[0m
  ↳ db/migrate/20190129004128_edit_user_replace_columns_with_user_name.rb:3
  [1m[35m (0.4ms)[0m  [1m[35mALTER TABLE "users" DROP COLUMN "name"[0m
  ↳ db/migrate/20190129004128_edit_user_replace_columns_with_user_name.rb:4
  [1m[35m (0.6ms)[0m  [1m[35mALTER TABLE "users" ADD "username" character varying NOT NULL[0m
  ↳ db/migrate/20190129004128_edit_user_replace_columns_with_user_name.rb:5
  [1m[35m (0.3ms)[0m  [1m[31mROLLBACK[0m
  ↳ bin/rails:9
  [1m[35m (0.3ms)[0m  [1m[34mSELECT pg_advisory_unlock(2711202859307440470)[0m
  ↳ bin/rails:9
  [1m[35m (0.2ms)[0m  [1m[34mSELECT pg_try_advisory_lock(2711202859307440470)[0m
  ↳ bin/rails:9
  [1m[35m (0.9ms)[0m  [1m[34mSELECT "schema_migrations"."version" FROM "schema_migrations" ORDER BY "schema_migrations"."version" ASC[0m
  ↳ bin/rails:9
Migrating to EditUserReplaceColumnsWithUserName (20190129004128)
  [1m[35m (0.2ms)[0m  [1m[35mBEGIN[0m
  ↳ bin/rails:9
  [1m[35m (1.0ms)[0m  [1m[35mALTER TABLE "users" DROP COLUMN "email"[0m
  ↳ db/migrate/20190129004128_edit_user_replace_columns_with_user_name.rb:3
  [1m[35m (0.4ms)[0m  [1m[35mALTER TABLE "users" DROP COLUMN "name"[0m
  ↳ db/migrate/20190129004128_edit_user_replace_columns_with_user_name.rb:4
  [1m[35m (0.6ms)[0m  [1m[35mALTER TABLE "users" ADD "username" character varying NOT NULL[0m
  ↳ db/migrate/20190129004128_edit_user_replace_columns_with_user_name.rb:5
  [1m[35m (2.2ms)[0m  [1m[35mCREATE UNIQUE INDEX  "index_users_on_username" ON "users"  ("username")[0m
  ↳ db/migrate/20190129004128_edit_user_replace_columns_with_user_name.rb:7
  [1m[36mActiveRecord::SchemaMigration Create (0.9ms)[0m  [1m[32mINSERT INTO "schema_migrations" ("version") VALUES ($1) RETURNING "version"[0m  [["version", "20190129004128"]]
  ↳ bin/rails:9
  [1m[35m (0.9ms)[0m  [1m[35mCOMMIT[0m
  ↳ bin/rails:9
  [1m[36mActiveRecord::InternalMetadata Load (0.5ms)[0m  [1m[34mSELECT  "ar_internal_metadata".* FROM "ar_internal_metadata" WHERE "ar_internal_metadata"."key" = $1 LIMIT $2[0m  [["key", "environment"], ["LIMIT", 1]]
  ↳ bin/rails:9
  [1m[35m (0.2ms)[0m  [1m[35mBEGIN[0m
  ↳ bin/rails:9
  [1m[35m (0.1ms)[0m  [1m[35mCOMMIT[0m
  ↳ bin/rails:9
  [1m[35m (0.4ms)[0m  [1m[34mSELECT pg_advisory_unlock(2711202859307440470)[0m
  ↳ bin/rails:9
  [1m[35m (0.3ms)[0m  [1m[34mSELECT "schema_migrations"."version" FROM "schema_migrations" ORDER BY "schema_migrations"."version" ASC[0m
  ↳ bin/rails:9
  [1m[35m (0.9ms)[0m  [1m[34mSELECT "schema_migrations"."version" FROM "schema_migrations" ORDER BY "schema_migrations"."version" ASC[0m
  ↳ /usr/local/var/rbenv/versions/2.5.0/bin/annotate:23
  [1m[35m (1.0ms)[0m  [1m[34mSELECT "schema_migrations"."version" FROM "schema_migrations" ORDER BY "schema_migrations"."version" ASC[0m
  ↳ bin/rails:9
  [1m[36mUser Load (1.0ms)[0m  [1m[34mSELECT "users".* FROM "users"[0m
  ↳ db/seeds.rb:9
  [1m[35m (0.2ms)[0m  [1m[35mBEGIN[0m
  ↳ db/seeds.rb:12
  [1m[35m (0.2ms)[0m  [1m[31mROLLBACK[0m
  ↳ db/seeds.rb:12
  [1m[35m (1.1ms)[0m  [1m[34mSELECT "schema_migrations"."version" FROM "schema_migrations" ORDER BY "schema_migrations"."version" ASC[0m
  ↳ bin/rails:9
  [1m[36mUser Load (0.7ms)[0m  [1m[34mSELECT "users".* FROM "users"[0m
  ↳ db/seeds.rb:9
  [1m[35m (0.2ms)[0m  [1m[35mBEGIN[0m
  ↳ db/seeds.rb:12
  [1m[35m (0.2ms)[0m  [1m[31mROLLBACK[0m
  ↳ db/seeds.rb:12
  [1m[35m (0.9ms)[0m  [1m[34mSELECT "schema_migrations"."version" FROM "schema_migrations" ORDER BY "schema_migrations"."version" ASC[0m
  ↳ bin/rails:9
  [1m[36mUser Load (0.7ms)[0m  [1m[34mSELECT "users".* FROM "users"[0m
  ↳ db/seeds.rb:9
  [1m[35m (0.2ms)[0m  [1m[35mBEGIN[0m
  ↳ db/seeds.rb:12
  [1m[35m (0.2ms)[0m  [1m[31mROLLBACK[0m
  ↳ db/seeds.rb:12
  [1m[35m (0.9ms)[0m  [1m[34mSELECT "schema_migrations"."version" FROM "schema_migrations" ORDER BY "schema_migrations"."version" ASC[0m
  ↳ /usr/local/var/rbenv/versions/2.5.0/bin/annotate:23
  [1m[35m (0.9ms)[0m  [1m[34mSELECT "schema_migrations"."version" FROM "schema_migrations" ORDER BY "schema_migrations"."version" ASC[0m
  ↳ bin/rails:9
  [1m[36mUser Load (0.7ms)[0m  [1m[34mSELECT "users".* FROM "users"[0m
  ↳ db/seeds.rb:9
  [1m[35m (0.2ms)[0m  [1m[35mBEGIN[0m
  ↳ db/seeds.rb:12
  [1m[36mUser Create (12.9ms)[0m  [1m[32mINSERT INTO "users" ("created_at", "updated_at", "username") VALUES ($1, $2, $3) RETURNING "id"[0m  [["created_at", "2019-01-29 00:51:25.847060"], ["updated_at", "2019-01-29 00:51:25.847060"], ["username", "username0"]]
  ↳ db/seeds.rb:12
  [1m[35m (11.4ms)[0m  [1m[35mCOMMIT[0m
  ↳ db/seeds.rb:12
  [1m[35m (0.2ms)[0m  [1m[35mBEGIN[0m
  ↳ db/seeds.rb:12
  [1m[36mUser Create (0.4ms)[0m  [1m[32mINSERT INTO "users" ("created_at", "updated_at", "username") VALUES ($1, $2, $3) RETURNING "id"[0m  [["created_at", "2019-01-29 00:51:25.873374"], ["updated_at", "2019-01-29 00:51:25.873374"], ["username", "username1"]]
  ↳ db/seeds.rb:12
  [1m[35m (0.6ms)[0m  [1m[35mCOMMIT[0m
  ↳ db/seeds.rb:12
  [1m[35m (0.2ms)[0m  [1m[35mBEGIN[0m
  ↳ db/seeds.rb:12
  [1m[36mUser Create (0.4ms)[0m  [1m[32mINSERT INTO "users" ("created_at", "updated_at", "username") VALUES ($1, $2, $3) RETURNING "id"[0m  [["created_at", "2019-01-29 00:51:25.875873"], ["updated_at", "2019-01-29 00:51:25.875873"], ["username", "username2"]]
  ↳ db/seeds.rb:12
  [1m[35m (0.5ms)[0m  [1m[35mCOMMIT[0m
  ↳ db/seeds.rb:12
  [1m[35m (0.2ms)[0m  [1m[35mBEGIN[0m
  ↳ db/seeds.rb:12
  [1m[36mUser Create (0.4ms)[0m  [1m[32mINSERT INTO "users" ("created_at", "updated_at", "username") VALUES ($1, $2, $3) RETURNING "id"[0m  [["created_at", "2019-01-29 00:51:25.878218"], ["updated_at", "2019-01-29 00:51:25.878218"], ["username", "username3"]]
  ↳ db/seeds.rb:12
  [1m[35m (0.5ms)[0m  [1m[35mCOMMIT[0m
  ↳ db/seeds.rb:12
  [1m[35m (0.2ms)[0m  [1m[35mBEGIN[0m
  ↳ db/seeds.rb:12
  [1m[36mUser Create (0.4ms)[0m  [1m[32mINSERT INTO "users" ("created_at", "updated_at", "username") VALUES ($1, $2, $3) RETURNING "id"[0m  [["created_at", "2019-01-29 00:51:25.880481"], ["updated_at", "2019-01-29 00:51:25.880481"], ["username", "username4"]]
  ↳ db/seeds.rb:12
  [1m[35m (0.5ms)[0m  [1m[35mCOMMIT[0m
  ↳ db/seeds.rb:12
  [1m[36mUser Load (0.7ms)[0m  [1m[34mSELECT "users".* FROM "users"[0m
  [1m[35m (0.2ms)[0m  [1m[34mSELECT pg_try_advisory_lock(2711202859307440470)[0m
  ↳ bin/rails:9
  [1m[35m (0.9ms)[0m  [1m[34mSELECT "schema_migrations"."version" FROM "schema_migrations" ORDER BY "schema_migrations"."version" ASC[0m
  ↳ bin/rails:9
Migrating to CreateArtworks (20190129005256)
  [1m[35m (0.2ms)[0m  [1m[35mBEGIN[0m
  ↳ bin/rails:9
  [1m[35m (35.2ms)[0m  [1m[35mCREATE TABLE "artworks" ("id" bigserial primary key, "title" character varying NOT NULL, "image_url" character varying NOT NULL, "artist_id" integer NOT NULL, "created_at" timestamp NOT NULL, "updated_at" timestamp NOT NULL)[0m
  ↳ db/migrate/20190129005256_create_artworks.rb:3
  [1m[35m (1.5ms)[0m  [1m[35mCREATE UNIQUE INDEX  "index_artworks_on_artist_id_and_title" ON "artworks"  ("artist_id", "title")[0m
  ↳ db/migrate/20190129005256_create_artworks.rb:11
  [1m[36mActiveRecord::SchemaMigration Create (1.0ms)[0m  [1m[32mINSERT INTO "schema_migrations" ("version") VALUES ($1) RETURNING "version"[0m  [["version", "20190129005256"]]
  ↳ bin/rails:9
  [1m[35m (30.5ms)[0m  [1m[35mCOMMIT[0m
  ↳ bin/rails:9
  [1m[36mActiveRecord::InternalMetadata Load (0.5ms)[0m  [1m[34mSELECT  "ar_internal_metadata".* FROM "ar_internal_metadata" WHERE "ar_internal_metadata"."key" = $1 LIMIT $2[0m  [["key", "environment"], ["LIMIT", 1]]
  ↳ bin/rails:9
  [1m[35m (0.2ms)[0m  [1m[35mBEGIN[0m
  ↳ bin/rails:9
  [1m[35m (0.1ms)[0m  [1m[35mCOMMIT[0m
  ↳ bin/rails:9
  [1m[35m (0.3ms)[0m  [1m[34mSELECT pg_advisory_unlock(2711202859307440470)[0m
  ↳ bin/rails:9
  [1m[35m (0.3ms)[0m  [1m[34mSELECT "schema_migrations"."version" FROM "schema_migrations" ORDER BY "schema_migrations"."version" ASC[0m
  ↳ bin/rails:9
  [1m[35m (24.1ms)[0m  [1m[34mSELECT "schema_migrations"."version" FROM "schema_migrations" ORDER BY "schema_migrations"."version" ASC[0m
  ↳ /usr/local/var/rbenv/versions/2.5.0/bin/annotate:23
  [1m[35m (0.2ms)[0m  [1m[34mSELECT pg_try_advisory_lock(2711202859307440470)[0m
  ↳ bin/rails:9
  [1m[35m (0.9ms)[0m  [1m[34mSELECT "schema_migrations"."version" FROM "schema_migrations" ORDER BY "schema_migrations"."version" ASC[0m
  ↳ bin/rails:9
Migrating to AddArtistIdIndexToArtwork (20190129010415)
  [1m[35m (0.2ms)[0m  [1m[35mBEGIN[0m
  ↳ bin/rails:9
  [1m[35m (14.4ms)[0m  [1m[35mCREATE UNIQUE INDEX  "index_artworks_on_artist_id" ON "artworks"  ("artist_id")[0m
  ↳ db/migrate/20190129010415_add_artist_id_index_to_artwork.rb:3
  [1m[36mActiveRecord::SchemaMigration Create (9.5ms)[0m  [1m[32mINSERT INTO "schema_migrations" ("version") VALUES ($1) RETURNING "version"[0m  [["version", "20190129010415"]]
  ↳ bin/rails:9
  [1m[35m (9.0ms)[0m  [1m[35mCOMMIT[0m
  ↳ bin/rails:9
  [1m[36mActiveRecord::InternalMetadata Load (0.5ms)[0m  [1m[34mSELECT  "ar_internal_metadata".* FROM "ar_internal_metadata" WHERE "ar_internal_metadata"."key" = $1 LIMIT $2[0m  [["key", "environment"], ["LIMIT", 1]]
  ↳ bin/rails:9
  [1m[35m (0.2ms)[0m  [1m[35mBEGIN[0m
  ↳ bin/rails:9
  [1m[35m (0.2ms)[0m  [1m[35mCOMMIT[0m
  ↳ bin/rails:9
  [1m[35m (0.3ms)[0m  [1m[34mSELECT pg_advisory_unlock(2711202859307440470)[0m
  ↳ bin/rails:9
  [1m[35m (0.3ms)[0m  [1m[34mSELECT "schema_migrations"."version" FROM "schema_migrations" ORDER BY "schema_migrations"."version" ASC[0m
  ↳ bin/rails:9
  [1m[35m (0.3ms)[0m  [1m[34mSELECT pg_try_advisory_lock(2711202859307440470)[0m
  ↳ bin/rails:9
  [1m[35m (12.8ms)[0m  [1m[34mSELECT "schema_migrations"."version" FROM "schema_migrations" ORDER BY "schema_migrations"."version" ASC[0m
  ↳ bin/rails:9
Migrating to CreateArtworkShares (20190129011426)
  [1m[35m (0.2ms)[0m  [1m[35mBEGIN[0m
  ↳ bin/rails:9
  [1m[35m (86.7ms)[0m  [1m[35mCREATE TABLE "artwork_shares" ("id" bigserial primary key, "artwork_id" integer NOT NULL, "viewer_id" integer NOT NULL, "created_at" timestamp NOT NULL, "updated_at" timestamp NOT NULL)[0m
  ↳ db/migrate/20190129011426_create_artwork_shares.rb:3
  [1m[35m (2.1ms)[0m  [1m[31mROLLBACK[0m
  ↳ bin/rails:9
  [1m[35m (0.4ms)[0m  [1m[34mSELECT pg_advisory_unlock(2711202859307440470)[0m
  ↳ bin/rails:9
  [1m[35m (0.3ms)[0m  [1m[34mSELECT pg_try_advisory_lock(2711202859307440470)[0m
  ↳ bin/rails:9
  [1m[35m (1.2ms)[0m  [1m[34mSELECT "schema_migrations"."version" FROM "schema_migrations" ORDER BY "schema_migrations"."version" ASC[0m
  ↳ bin/rails:9
Migrating to CreateArtworkShares (20190129011426)
  [1m[35m (0.2ms)[0m  [1m[35mBEGIN[0m
  ↳ bin/rails:9
  [1m[35m (69.0ms)[0m  [1m[35mCREATE TABLE "artwork_shares" ("id" bigserial primary key, "artwork_id" integer NOT NULL, "viewer_id" integer NOT NULL, "created_at" timestamp NOT NULL, "updated_at" timestamp NOT NULL)[0m
  ↳ db/migrate/20190129011426_create_artwork_shares.rb:3
  [1m[35m (2.4ms)[0m  [1m[35mCREATE UNIQUE INDEX  "index_artwork_shares_on_artwork_id" ON "artwork_shares"  ("artwork_id")[0m
  ↳ db/migrate/20190129011426_create_artwork_shares.rb:9
  [1m[35m (1.0ms)[0m  [1m[35mCREATE UNIQUE INDEX  "index_artwork_shares_on_viewer_id" ON "artwork_shares"  ("viewer_id")[0m
  ↳ db/migrate/20190129011426_create_artwork_shares.rb:10
  [1m[36mActiveRecord::SchemaMigration Create (2.2ms)[0m  [1m[32mINSERT INTO "schema_migrations" ("version") VALUES ($1) RETURNING "version"[0m  [["version", "20190129011426"]]
  ↳ bin/rails:9
  [1m[35m (20.4ms)[0m  [1m[35mCOMMIT[0m
  ↳ bin/rails:9
  [1m[36mActiveRecord::InternalMetadata Load (0.5ms)[0m  [1m[34mSELECT  "ar_internal_metadata".* FROM "ar_internal_metadata" WHERE "ar_internal_metadata"."key" = $1 LIMIT $2[0m  [["key", "environment"], ["LIMIT", 1]]
  ↳ bin/rails:9
  [1m[35m (0.2ms)[0m  [1m[35mBEGIN[0m
  ↳ bin/rails:9
  [1m[35m (0.1ms)[0m  [1m[35mCOMMIT[0m
  ↳ bin/rails:9
  [1m[35m (0.3ms)[0m  [1m[34mSELECT pg_advisory_unlock(2711202859307440470)[0m
  ↳ bin/rails:9
  [1m[35m (0.3ms)[0m  [1m[34mSELECT "schema_migrations"."version" FROM "schema_migrations" ORDER BY "schema_migrations"."version" ASC[0m
  ↳ bin/rails:9
  [1m[35m (0.9ms)[0m  [1m[34mSELECT "schema_migrations"."version" FROM "schema_migrations" ORDER BY "schema_migrations"."version" ASC[0m
  ↳ /usr/local/var/rbenv/versions/2.5.0/bin/annotate:23
  [1m[35m (0.9ms)[0m  [1m[34mSELECT "schema_migrations"."version" FROM "schema_migrations" ORDER BY "schema_migrations"."version" ASC[0m
  ↳ bin/rails:9
  [1m[36mUser Load (0.8ms)[0m  [1m[34mSELECT "users".* FROM "users"[0m
  ↳ db/seeds.rb:9
  [1m[35m (0.2ms)[0m  [1m[35mBEGIN[0m
  ↳ db/seeds.rb:9
  [1m[36mUser Destroy (0.6ms)[0m  [1m[31mDELETE FROM "users" WHERE "users"."id" = $1[0m  [["id", 18]]
  ↳ db/seeds.rb:9
  [1m[35m (0.6ms)[0m  [1m[35mCOMMIT[0m
  ↳ db/seeds.rb:9
  [1m[35m (0.2ms)[0m  [1m[35mBEGIN[0m
  ↳ db/seeds.rb:9
  [1m[36mUser Destroy (0.3ms)[0m  [1m[31mDELETE FROM "users" WHERE "users"."id" = $1[0m  [["id", 19]]
  ↳ db/seeds.rb:9
  [1m[35m (0.5ms)[0m  [1m[35mCOMMIT[0m
  ↳ db/seeds.rb:9
  [1m[35m (0.1ms)[0m  [1m[35mBEGIN[0m
  ↳ db/seeds.rb:9
  [1m[36mUser Destroy (0.3ms)[0m  [1m[31mDELETE FROM "users" WHERE "users"."id" = $1[0m  [["id", 20]]
  ↳ db/seeds.rb:9
  [1m[35m (0.5ms)[0m  [1m[35mCOMMIT[0m
  ↳ db/seeds.rb:9
  [1m[35m (0.2ms)[0m  [1m[35mBEGIN[0m
  ↳ db/seeds.rb:9
  [1m[36mUser Destroy (0.3ms)[0m  [1m[31mDELETE FROM "users" WHERE "users"."id" = $1[0m  [["id", 21]]
  ↳ db/seeds.rb:9
  [1m[35m (0.5ms)[0m  [1m[35mCOMMIT[0m
  ↳ db/seeds.rb:9
  [1m[35m (0.2ms)[0m  [1m[35mBEGIN[0m
  ↳ db/seeds.rb:9
  [1m[36mUser Destroy (0.3ms)[0m  [1m[31mDELETE FROM "users" WHERE "users"."id" = $1[0m  [["id", 22]]
  ↳ db/seeds.rb:9
  [1m[35m (0.5ms)[0m  [1m[35mCOMMIT[0m
  ↳ db/seeds.rb:9
  [1m[36mArtwork Load (39.9ms)[0m  [1m[34mSELECT "artworks".* FROM "artworks"[0m
  ↳ db/seeds.rb:10
  [1m[36mArtworkShare Load (1.5ms)[0m  [1m[34mSELECT "artwork_shares".* FROM "artwork_shares"[0m
  ↳ db/seeds.rb:11
  [1m[35m (0.2ms)[0m  [1m[35mBEGIN[0m
  ↳ db/seeds.rb:14
  [1m[36mUser Create (0.6ms)[0m  [1m[32mINSERT INTO "users" ("created_at", "updated_at", "username") VALUES ($1, $2, $3) RETURNING "id"[0m  [["created_at", "2019-01-29 01:25:39.551109"], ["updated_at", "2019-01-29 01:25:39.551109"], ["username", "username0"]]
  ↳ db/seeds.rb:14
  [1m[35m (0.4ms)[0m  [1m[35mCOMMIT[0m
  ↳ db/seeds.rb:14
  [1m[35m (0.9ms)[0m  [1m[34mSELECT "schema_migrations"."version" FROM "schema_migrations" ORDER BY "schema_migrations"."version" ASC[0m
  ↳ bin/rails:9
  [1m[36mUser Load (0.7ms)[0m  [1m[34mSELECT "users".* FROM "users"[0m
  ↳ db/seeds.rb:9
  [1m[35m (0.2ms)[0m  [1m[35mBEGIN[0m
  ↳ db/seeds.rb:9
  [1m[36mUser Destroy (0.6ms)[0m  [1m[31mDELETE FROM "users" WHERE "users"."id" = $1[0m  [["id", 23]]
  ↳ db/seeds.rb:9
  [1m[35m (0.5ms)[0m  [1m[35mCOMMIT[0m
  ↳ db/seeds.rb:9
  [1m[36mArtwork Load (0.7ms)[0m  [1m[34mSELECT "artworks".* FROM "artworks"[0m
  ↳ db/seeds.rb:10
  [1m[36mArtworkShare Load (0.6ms)[0m  [1m[34mSELECT "artwork_shares".* FROM "artwork_shares"[0m
  ↳ db/seeds.rb:11
  [1m[35m (0.1ms)[0m  [1m[35mBEGIN[0m
  ↳ db/seeds.rb:14
  [1m[36mUser Create (0.5ms)[0m  [1m[32mINSERT INTO "users" ("created_at", "updated_at", "username") VALUES ($1, $2, $3) RETURNING "id"[0m  [["created_at", "2019-01-29 01:25:57.730162"], ["updated_at", "2019-01-29 01:25:57.730162"], ["username", "username0"]]
  ↳ db/seeds.rb:14
  [1m[35m (0.5ms)[0m  [1m[35mCOMMIT[0m
  ↳ db/seeds.rb:14
  [1m[35m (0.2ms)[0m  [1m[35mBEGIN[0m
  ↳ db/seeds.rb:15
  [1m[36mArtwork Exists (0.4ms)[0m  [1m[34mSELECT  1 AS one FROM "artworks" WHERE "artworks"."artist_id" = $1 LIMIT $2[0m  [["artist_id", 24], ["LIMIT", 1]]
  ↳ db/seeds.rb:15
  [1m[36mUser Load (0.3ms)[0m  [1m[34mSELECT  "users".* FROM "users" WHERE "users"."id" = $1 LIMIT $2[0m  [["id", 24], ["LIMIT", 1]]
  ↳ db/seeds.rb:15
  [1m[36mArtwork Create (0.9ms)[0m  [1m[32mINSERT INTO "artworks" ("title", "image_url", "artist_id", "created_at", "updated_at") VALUES ($1, $2, $3, $4, $5) RETURNING "id"[0m  [["title", "title0"], ["image_url", "url0"], ["artist_id", 24], ["created_at", "2019-01-29 01:25:57.780185"], ["updated_at", "2019-01-29 01:25:57.780185"]]
  ↳ db/seeds.rb:15
  [1m[35m (0.6ms)[0m  [1m[35mCOMMIT[0m
  ↳ db/seeds.rb:15
  [1m[35m (0.2ms)[0m  [1m[35mBEGIN[0m
  ↳ db/seeds.rb:16
  [1m[36mArtwork Load (0.3ms)[0m  [1m[34mSELECT  "artworks".* FROM "artworks" WHERE "artworks"."id" = $1 LIMIT $2[0m  [["id", 1], ["LIMIT", 1]]
  ↳ db/seeds.rb:16
  [1m[36mUser Load (0.3ms)[0m  [1m[34mSELECT  "users".* FROM "users" WHERE "users"."id" = $1 LIMIT $2[0m  [["id", 24], ["LIMIT", 1]]
  ↳ db/seeds.rb:16
  [1m[36mArtworkShare Create (0.7ms)[0m  [1m[32mINSERT INTO "artwork_shares" ("artwork_id", "viewer_id", "created_at", "updated_at") VALUES ($1, $2, $3, $4) RETURNING "id"[0m  [["artwork_id", 1], ["viewer_id", 24], ["created_at", "2019-01-29 01:25:57.796098"], ["updated_at", "2019-01-29 01:25:57.796098"]]
  ↳ db/seeds.rb:16
  [1m[35m (0.4ms)[0m  [1m[35mCOMMIT[0m
  ↳ db/seeds.rb:16
  [1m[35m (0.1ms)[0m  [1m[35mBEGIN[0m
  ↳ db/seeds.rb:14
  [1m[36mUser Create (0.5ms)[0m  [1m[32mINSERT INTO "users" ("created_at", "updated_at", "username") VALUES ($1, $2, $3) RETURNING "id"[0m  [["created_at", "2019-01-29 01:25:57.798696"], ["updated_at", "2019-01-29 01:25:57.798696"], ["username", "username1"]]
  ↳ db/seeds.rb:14
  [1m[35m (0.5ms)[0m  [1m[35mCOMMIT[0m
  ↳ db/seeds.rb:14
  [1m[35m (0.2ms)[0m  [1m[35mBEGIN[0m
  ↳ db/seeds.rb:15
  [1m[36mArtwork Exists (0.4ms)[0m  [1m[34mSELECT  1 AS one FROM "artworks" WHERE "artworks"."artist_id" = $1 LIMIT $2[0m  [["artist_id", 25], ["LIMIT", 1]]
  ↳ db/seeds.rb:15
  [1m[36mUser Load (0.3ms)[0m  [1m[34mSELECT  "users".* FROM "users" WHERE "users"."id" = $1 LIMIT $2[0m  [["id", 25], ["LIMIT", 1]]
  ↳ db/seeds.rb:15
  [1m[36mArtwork Create (0.4ms)[0m  [1m[32mINSERT INTO "artworks" ("title", "image_url", "artist_id", "created_at", "updated_at") VALUES ($1, $2, $3, $4, $5) RETURNING "id"[0m  [["title", "title1"], ["image_url", "url1"], ["artist_id", 25], ["created_at", "2019-01-29 01:25:57.803768"], ["updated_at", "2019-01-29 01:25:57.803768"]]
  ↳ db/seeds.rb:15
  [1m[35m (0.6ms)[0m  [1m[35mCOMMIT[0m
  ↳ db/seeds.rb:15
  [1m[35m (0.1ms)[0m  [1m[35mBEGIN[0m
  ↳ db/seeds.rb:16
  [1m[36mArtwork Load (0.3ms)[0m  [1m[34mSELECT  "artworks".* FROM "artworks" WHERE "artworks"."id" = $1 LIMIT $2[0m  [["id", 2], ["LIMIT", 1]]
  ↳ db/seeds.rb:16
  [1m[36mUser Load (0.3ms)[0m  [1m[34mSELECT  "users".* FROM "users" WHERE "users"."id" = $1 LIMIT $2[0m  [["id", 25], ["LIMIT", 1]]
  ↳ db/seeds.rb:16
  [1m[36mArtworkShare Create (0.5ms)[0m  [1m[32mINSERT INTO "artwork_shares" ("artwork_id", "viewer_id", "created_at", "updated_at") VALUES ($1, $2, $3, $4) RETURNING "id"[0m  [["artwork_id", 2], ["viewer_id", 25], ["created_at", "2019-01-29 01:25:57.808683"], ["updated_at", "2019-01-29 01:25:57.808683"]]
  ↳ db/seeds.rb:16
  [1m[35m (0.4ms)[0m  [1m[35mCOMMIT[0m
  ↳ db/seeds.rb:16
  [1m[35m (0.1ms)[0m  [1m[35mBEGIN[0m
  ↳ db/seeds.rb:14
  [1m[36mUser Create (0.4ms)[0m  [1m[32mINSERT INTO "users" ("created_at", "updated_at", "username") VALUES ($1, $2, $3) RETURNING "id"[0m  [["created_at", "2019-01-29 01:25:57.811622"], ["updated_at", "2019-01-29 01:25:57.811622"], ["username", "username2"]]
  ↳ db/seeds.rb:14
  [1m[35m (0.5ms)[0m  [1m[35mCOMMIT[0m
  ↳ db/seeds.rb:14
  [1m[35m (0.2ms)[0m  [1m[35mBEGIN[0m
  ↳ db/seeds.rb:15
  [1m[36mArtwork Exists (0.4ms)[0m  [1m[34mSELECT  1 AS one FROM "artworks" WHERE "artworks"."artist_id" = $1 LIMIT $2[0m  [["artist_id", 26], ["LIMIT", 1]]
  ↳ db/seeds.rb:15
  [1m[36mUser Load (0.4ms)[0m  [1m[34mSELECT  "users".* FROM "users" WHERE "users"."id" = $1 LIMIT $2[0m  [["id", 26], ["LIMIT", 1]]
  ↳ db/seeds.rb:15
  [1m[36mArtwork Create (0.4ms)[0m  [1m[32mINSERT INTO "artworks" ("title", "image_url", "artist_id", "created_at", "updated_at") VALUES ($1, $2, $3, $4, $5) RETURNING "id"[0m  [["title", "title2"], ["image_url", "url2"], ["artist_id", 26], ["created_at", "2019-01-29 01:25:57.816968"], ["updated_at", "2019-01-29 01:25:57.816968"]]
  ↳ db/seeds.rb:15
  [1m[35m (0.5ms)[0m  [1m[35mCOMMIT[0m
  ↳ db/seeds.rb:15
  [1m[35m (0.2ms)[0m  [1m[35mBEGIN[0m
  ↳ db/seeds.rb:16
  [1m[36mArtwork Load (0.3ms)[0m  [1m[34mSELECT  "artworks".* FROM "artworks" WHERE "artworks"."id" = $1 LIMIT $2[0m  [["id", 3], ["LIMIT", 1]]
  ↳ db/seeds.rb:16
  [1m[36mUser Load (0.3ms)[0m  [1m[34mSELECT  "users".* FROM "users" WHERE "users"."id" = $1 LIMIT $2[0m  [["id", 26], ["LIMIT", 1]]
  ↳ db/seeds.rb:16
  [1m[36mArtworkShare Create (0.4ms)[0m  [1m[32mINSERT INTO "artwork_shares" ("artwork_id", "viewer_id", "created_at", "updated_at") VALUES ($1, $2, $3, $4) RETURNING "id"[0m  [["artwork_id", 3], ["viewer_id", 26], ["created_at", "2019-01-29 01:25:57.822151"], ["updated_at", "2019-01-29 01:25:57.822151"]]
  ↳ db/seeds.rb:16
  [1m[35m (0.6ms)[0m  [1m[35mCOMMIT[0m
  ↳ db/seeds.rb:16
  [1m[35m (0.2ms)[0m  [1m[35mBEGIN[0m
  ↳ db/seeds.rb:14
  [1m[36mUser Create (0.4ms)[0m  [1m[32mINSERT INTO "users" ("created_at", "updated_at", "username") VALUES ($1, $2, $3) RETURNING "id"[0m  [["created_at", "2019-01-29 01:25:57.831215"], ["updated_at", "2019-01-29 01:25:57.831215"], ["username", "username3"]]
  ↳ db/seeds.rb:14
  [1m[35m (0.4ms)[0m  [1m[35mCOMMIT[0m
  ↳ db/seeds.rb:14
  [1m[35m (0.1ms)[0m  [1m[35mBEGIN[0m
  ↳ db/seeds.rb:15
  [1m[36mArtwork Exists (0.4ms)[0m  [1m[34mSELECT  1 AS one FROM "artworks" WHERE "artworks"."artist_id" = $1 LIMIT $2[0m  [["artist_id", 27], ["LIMIT", 1]]
  ↳ db/seeds.rb:15
  [1m[36mUser Load (0.4ms)[0m  [1m[34mSELECT  "users".* FROM "users" WHERE "users"."id" = $1 LIMIT $2[0m  [["id", 27], ["LIMIT", 1]]
  ↳ db/seeds.rb:15
  [1m[36mArtwork Create (0.4ms)[0m  [1m[32mINSERT INTO "artworks" ("title", "image_url", "artist_id", "created_at", "updated_at") VALUES ($1, $2, $3, $4, $5) RETURNING "id"[0m  [["title", "title3"], ["image_url", "url3"], ["artist_id", 27], ["created_at", "2019-01-29 01:25:57.836397"], ["updated_at", "2019-01-29 01:25:57.836397"]]
  ↳ db/seeds.rb:15
  [1m[35m (0.6ms)[0m  [1m[35mCOMMIT[0m
  ↳ db/seeds.rb:15
  [1m[35m (0.1ms)[0m  [1m[35mBEGIN[0m
  ↳ db/seeds.rb:16
  [1m[36mArtwork Load (0.3ms)[0m  [1m[34mSELECT  "artworks".* FROM "artworks" WHERE "artworks"."id" = $1 LIMIT $2[0m  [["id", 4], ["LIMIT", 1]]
  ↳ db/seeds.rb:16
  [1m[36mUser Load (0.3ms)[0m  [1m[34mSELECT  "users".* FROM "users" WHERE "users"."id" = $1 LIMIT $2[0m  [["id", 27], ["LIMIT", 1]]
  ↳ db/seeds.rb:16
  [1m[36mArtworkShare Create (0.5ms)[0m  [1m[32mINSERT INTO "artwork_shares" ("artwork_id", "viewer_id", "created_at", "updated_at") VALUES ($1, $2, $3, $4) RETURNING "id"[0m  [["artwork_id", 4], ["viewer_id", 27], ["created_at", "2019-01-29 01:25:57.841487"], ["updated_at", "2019-01-29 01:25:57.841487"]]
  ↳ db/seeds.rb:16
  [1m[35m (0.5ms)[0m  [1m[35mCOMMIT[0m
  ↳ db/seeds.rb:16
  [1m[35m (0.1ms)[0m  [1m[35mBEGIN[0m
  ↳ db/seeds.rb:14
  [1m[36mUser Create (0.4ms)[0m  [1m[32mINSERT INTO "users" ("created_at", "updated_at", "username") VALUES ($1, $2, $3) RETURNING "id"[0m  [["created_at", "2019-01-29 01:25:57.844098"], ["updated_at", "2019-01-29 01:25:57.844098"], ["username", "username4"]]
  ↳ db/seeds.rb:14
  [1m[35m (0.5ms)[0m  [1m[35mCOMMIT[0m
  ↳ db/seeds.rb:14
  [1m[35m (0.1ms)[0m  [1m[35mBEGIN[0m
  ↳ db/seeds.rb:15
  [1m[36mArtwork Exists (0.4ms)[0m  [1m[34mSELECT  1 AS one FROM "artworks" WHERE "artworks"."artist_id" = $1 LIMIT $2[0m  [["artist_id", 28], ["LIMIT", 1]]
  ↳ db/seeds.rb:15
  [1m[36mUser Load (0.3ms)[0m  [1m[34mSELECT  "users".* FROM "users" WHERE "users"."id" = $1 LIMIT $2[0m  [["id", 28], ["LIMIT", 1]]
  ↳ db/seeds.rb:15
  [1m[36mArtwork Create (0.4ms)[0m  [1m[32mINSERT INTO "artworks" ("title", "image_url", "artist_id", "created_at", "updated_at") VALUES ($1, $2, $3, $4, $5) RETURNING "id"[0m  [["title", "title4"], ["image_url", "url4"], ["artist_id", 28], ["created_at", "2019-01-29 01:25:57.848804"], ["updated_at", "2019-01-29 01:25:57.848804"]]
  ↳ db/seeds.rb:15
  [1m[35m (0.4ms)[0m  [1m[35mCOMMIT[0m
  ↳ db/seeds.rb:15
  [1m[35m (0.1ms)[0m  [1m[35mBEGIN[0m
  ↳ db/seeds.rb:16
  [1m[36mArtwork Load (0.3ms)[0m  [1m[34mSELECT  "artworks".* FROM "artworks" WHERE "artworks"."id" = $1 LIMIT $2[0m  [["id", 5], ["LIMIT", 1]]
  ↳ db/seeds.rb:16
  [1m[36mUser Load (0.3ms)[0m  [1m[34mSELECT  "users".* FROM "users" WHERE "users"."id" = $1 LIMIT $2[0m  [["id", 28], ["LIMIT", 1]]
  ↳ db/seeds.rb:16
  [1m[36mArtworkShare Create (0.4ms)[0m  [1m[32mINSERT INTO "artwork_shares" ("artwork_id", "viewer_id", "created_at", "updated_at") VALUES ($1, $2, $3, $4) RETURNING "id"[0m  [["artwork_id", 5], ["viewer_id", 28], ["created_at", "2019-01-29 01:25:57.853492"], ["updated_at", "2019-01-29 01:25:57.853492"]]
  ↳ db/seeds.rb:16
  [1m[35m (0.5ms)[0m  [1m[35mCOMMIT[0m
  ↳ db/seeds.rb:16
  [1m[36mUser Load (0.8ms)[0m  [1m[34mSELECT "users".* FROM "users"[0m
  [1m[36mArtwork Load (1.3ms)[0m  [1m[34mSELECT "artworks".* FROM "artworks"[0m
  [1m[36mArtworkShare Load (0.9ms)[0m  [1m[34mSELECT "artwork_shares".* FROM "artwork_shares"[0m
  [1m[36mArtwork Load (0.5ms)[0m  [1m[34mSELECT  "artworks".* FROM "artworks" ORDER BY "artworks"."id" ASC LIMIT $1[0m  [["LIMIT", 1]]
  [1m[36mUser Load (0.7ms)[0m  [1m[34mSELECT  "users".* FROM "users" WHERE "users"."id" = $1 LIMIT $2[0m  [["id", 24], ["LIMIT", 1]]
  [1m[36mArtwork Load (0.6ms)[0m  [1m[34mSELECT  "artworks".* FROM "artworks" ORDER BY "artworks"."id" ASC LIMIT $1[0m  [["LIMIT", 1]]
  [1m[36mUser Load (38.7ms)[0m  [1m[34mSELECT  "users".* FROM "users" ORDER BY "users"."id" ASC LIMIT $1[0m  [["LIMIT", 1]]
  [1m[36mArtwork Load (0.4ms)[0m  [1m[34mSELECT "artworks".* FROM "artworks" WHERE "artworks"."artist_id" = $1[0m  [["artist_id", 24]]
  [1m[36mArtworkShare Load (0.4ms)[0m  [1m[34mSELECT  "artwork_shares".* FROM "artwork_shares" ORDER BY "artwork_shares"."id" ASC LIMIT $1[0m  [["LIMIT", 1]]
  [1m[36mArtworkShare Load (0.5ms)[0m  [1m[34mSELECT  "artwork_shares".* FROM "artwork_shares" ORDER BY "artwork_shares"."id" ASC LIMIT $1[0m  [["LIMIT", 1]]
  [1m[36mUser Load (0.4ms)[0m  [1m[34mSELECT  "users".* FROM "users" WHERE "users"."id" = $1 LIMIT $2[0m  [["id", 24], ["LIMIT", 1]]
  [1m[36mArtworkShare Load (0.5ms)[0m  [1m[34mSELECT  "artwork_shares".* FROM "artwork_shares" ORDER BY "artwork_shares"."id" ASC LIMIT $1[0m  [["LIMIT", 1]]
  [1m[36mArtwork Load (0.5ms)[0m  [1m[34mSELECT  "artworks".* FROM "artworks" WHERE "artworks"."id" = $1 LIMIT $2[0m  [["id", 1], ["LIMIT", 1]]
